0 [127140592864192] INFO perfrun.launcher <> - Launcher main begin
1 [127140592864192] INFO perfrun.launcher <> - MessageCatalogInit finished
1 [127140592864192] INFO perfrun.launcher <> - Launcher instance created
1 [127140592864192] INFO perfrun.launcher <> - argc = 7; cmdline = /opt/intel/oneapi/vtune/2025.1/bin64/amplxe-runss --ui-output-format xml --ui-output-fd 5 --option-file /home/jim/Desktop/milc_qcd_minimal/ks_imp_rhmc_minimal/r001hs/config/runss.options 
36 [127140592864192] INFO perfrun.perfcollector <> - SEP tool path: /opt/intel/oneapi/vtune/2025.1/bin64/sep
42 [127140592864192] INFO perfrun.launcher <> - create msngr2::ICliToolContext
42 [127140592864192] INFO perfrun.launcher <> - create file finder object
42 [127140592864192] INFO perfrun.launcher <> - create a result directory: pattern = /home/jim/Desktop/milc_qcd_minimal/ks_imp_rhmc_minimal/r001hs pid = 4294967295
43 [127140592864192] INFO perfrun.sdk <> - checked that the directory /home/jim/Desktop/milc_qcd_minimal/ks_imp_rhmc_minimal/r001hs is a local directory
43 [127140592864192] INFO perfrun.sdk <> - the directory /home/jim/Desktop/milc_qcd_minimal/ks_imp_rhmc_minimal/r001hs is a local directory with FS type ID 61267
43 [127140592864192] INFO perfrun.launcher <> - create data directory = /home/jim/Desktop/milc_qcd_minimal/ks_imp_rhmc_minimal/r001hs/data.0
43 [127140592864192] INFO perfrun.launcher <> - Creating the master collection flag
45 [127140592864192] INFO perfrun.launcher <> - Done creating the master collection flag
45 [127140439779008] INFO perfrun.launcher <> - plugin [remoteplug] was disabled because it doesn't support the given collection type.
46 [127140439779008] INFO perfrun.sdk <> - Allocating TMU :/home/jim/Desktop/milc_qcd_minimal/ks_imp_rhmc_minimal/r001hs/data.0/systemcollector-22320-jim-MS-7817.sc
46 [127140439779008] INFO perfrun.system <> - Tpss based collection
46 [127140439779008] INFO perfrun.launcher <> - plugin [ptracecollector] was disabled because it doesn't support the given collection type.
46 [127140439779008] INFO perfrun.launcher <> - plugin [gpu] was disabled because it doesn't support the given collection type.
46 [127140439779008] INFO perfrun.launcher <> - plugin [] was disabled because it doesn't support the given collection type.
46 [127140439779008] INFO perfrun.launcher <> - plugin [] was disabled because it doesn't support the given collection type.
46 [127140439779008] INFO perfrun.launcher <> - plugin [] was disabled because it doesn't support the given collection type.
46 [127140439779008] INFO perfrun.mrte <> - system-wide mode is 0
46 [127140439779008] INFO perfrun.mrte <> - Getting  mrte profiling environment ...
53 [127140439779008] INFO perfrun.mrte <> - INTEL_MRTE_DATA_DIR=/home/jim/Desktop/milc_qcd_minimal/ks_imp_rhmc_minimal/r001hs/data.0
53 [127140439779008] INFO perfrun.mrte <> - INTEL_MRTE_HOST_NAME=jim-MS-7817
53 [127140439779008] INFO perfrun.mrte <> - JAVA_TOOL_OPTIONS=-agentlib:amplxe_samplingmrte_javaprof_1.0 -Dsun.boot.library.path=/opt/intel/oneapi/vtune/2025.1/lib32/runtime:/opt/intel/oneapi/vtune/2025.1/lib64/runtime
53 [127140439779008] INFO perfrun.mrte <> - LD_LIBRARY_PATH=/opt/intel/oneapi/vtune/2025.1/lib32/runtime:/opt/intel/oneapi/vtune/2025.1/lib64/runtime
53 [127140439779008] INFO perfrun.mrte <> - CORECLR_ENABLE_PROFILING=1
53 [127140439779008] INFO perfrun.mrte <> - CORECLR_PROFILER={AA5E4821-E3B1-479c-B7FF-5AD047D22CED}
53 [127140439779008] INFO perfrun.mrte <> - CORECLR_PROFILER_PATH=/opt/intel/oneapi/vtune/2025.1/lib64/libamplxe_samplingmrte_clrprof_1.0.so
53 [127140439779008] INFO perfrun.mrte <> - INTEL_MRTE_PROFILER_MODE=mixed
53 [127140439779008] INFO perfrun.mrte <> - Data directory: /home/jim/Desktop/milc_qcd_minimal/ks_imp_rhmc_minimal/r001hs/data.0
53 [127140439779008] INFO perfrun.mrte <> - Mrte plugin is initialized
53 [127140439779008] INFO perfrun.launcher <> - plugin [emon] was disabled because it doesn't support the given collection type.
53 [127140439779008] INFO perfrun.launcher <> - plugin [cuscol] was disabled because it doesn't support the given collection type.
53 [127140439779008] INFO perfrun.launcher <> - plugin [stdsrc] was disabled because it doesn't support the given collection type.
54 [127140439779008] INFO perfrun.launcher <> - plugin [sep] was disabled because it doesn't support the given collection type.
54 [127140439779008] INFO perfrun.launcher <> - plugin [vtsspp] was disabled because it doesn't support the given collection type.
54 [127140439779008] INFO perfrun.launcher <> - plugin [perf] was disabled because it doesn't support the given collection type.
54 [127140439779008] INFO perfrun.launcher <> - plugin [aoclprofile] was disabled because it doesn't support the given collection type.
54 [127140439779008] INFO perfrun.tpss <> - initialize tpss controller
54 [127140439779008] INFO perfrun.tpss <> - configure collection mode: value = cpu:counters:nostack
54 [127140439779008] INFO perfrun.tpss <> - configure collection mode: value = cpu:stack
54 [127140439779008] INFO perfrun.tpss <> - default obj-size-min=1024
54 [127140439779008] INFO perfrun.tpss <> - default hash-table-size=0
54 [127140439779008] INFO perfrun.launcher <> - plugin [media] was disabled because it doesn't support the given collection type.
54 [127140439779008] INFO perfrun.launcher <> - plugin [] was disabled because it doesn't support the given collection type.
54 [127140439779008] INFO perfrun.launcher <> - plugin [] was disabled because it doesn't support the given collection type.
54 [127140439779008] INFO perfrun.launcher <> - plugin [parallelfs] was disabled because it doesn't support the given collection type.
54 [127140439779008] INFO perfrun.launcher <> - plugin [power] was disabled because it doesn't support the given collection type.
54 [127140439779008] INFO perfrun.launcher <> - plugin [] was disabled because it doesn't support the given collection type.
54 [127140439779008] INFO perfrun.launcher <> - plugin [] was disabled because it doesn't support the given collection type.
54 [127140439779008] INFO perfrun.launcher <> - plugin [] was disabled because it doesn't support the given collection type.
54 [127140439779008] INFO perfrun.launcher <> - plugin [l0_metrics] was disabled because it doesn't support the given collection type.
54 [127140439779008] INFO perfrun.launcher <> - plugin [stall_reasons] was disabled because it doesn't support the given collection type.
54 [127140592864192] INFO perfrun.launcher <> - set environment variable: LD_LIBRARY_PATH = /opt/intel/oneapi/vtune/2025.1/lib32/runtime:/opt/intel/oneapi/vtune/2025.1/lib64/runtime
54 [127140592864192] INFO perfrun.launcher <> - set environment variable: INTEL_LIBITTNOTIFY32 = /opt/intel/oneapi/vtune/2025.1/lib32/runtime/libittnotify_collector.so
54 [127140592864192] INFO perfrun.launcher <> - set environment variable: INTEL_LIBITTNOTIFY64 = /opt/intel/oneapi/vtune/2025.1/lib64/runtime/libittnotify_collector.so
54 [127140592864192] INFO perfrun.launcher <> - set environment variable: INTEL_ITTNOTIFY_GROUPS = 
54 [127140592864192] INFO perfrun.launcher <> - set environment variable: INTEL_JIT_PROFILER32 = /opt/intel/oneapi/vtune/2025.1/lib32/runtime/libittnotify_collector.so
54 [127140592864192] INFO perfrun.launcher <> - set environment variable: INTEL_JIT_PROFILER64 = /opt/intel/oneapi/vtune/2025.1/lib64/runtime/libittnotify_collector.so
54 [127140592864192] INFO perfrun.launcher <> - set environment variable: CCL_ITT_LEVEL = 1
54 [127140592864192] INFO perfrun.launcher <> - set environment variable: ENABLE_JITPROFILING = 1
54 [127140592864192] INFO perfrun.launcher <> - set environment variable: CL_CONFIG_USE_VTUNE = True
54 [127140592864192] INFO perfrun.launcher <> - set environment variable: KMP_FORKJOIN_FRAMES = 0
54 [127140592864192] INFO perfrun.launcher <> - set environment variable: KMP_FORKJOIN_FRAMES_MODE = 0
54 [127140592864192] INFO perfrun.launcher <> - set environment variable: INTEL_MRTE_DATA_DIR = /home/jim/Desktop/milc_qcd_minimal/ks_imp_rhmc_minimal/r001hs/data.0
54 [127140592864192] INFO perfrun.launcher <> - set environment variable: INTEL_MRTE_HOST_NAME = jim-MS-7817
54 [127140592864192] INFO perfrun.launcher <> - set environment variable: JAVA_TOOL_OPTIONS = -agentlib:amplxe_samplingmrte_javaprof_1.0 -Dsun.boot.library.path=/opt/intel/oneapi/vtune/2025.1/lib32/runtime:/opt/intel/oneapi/vtune/2025.1/lib64/runtime
54 [127140592864192] INFO perfrun.launcher <> - set environment variable: LD_LIBRARY_PATH = /opt/intel/oneapi/vtune/2025.1/lib32/runtime:/opt/intel/oneapi/vtune/2025.1/lib64/runtime
54 [127140592864192] INFO perfrun.launcher <> - set environment variable: CORECLR_ENABLE_PROFILING = 1
54 [127140592864192] INFO perfrun.launcher <> - set environment variable: CORECLR_PROFILER = {AA5E4821-E3B1-479c-B7FF-5AD047D22CED}
54 [127140592864192] INFO perfrun.launcher <> - set environment variable: CORECLR_PROFILER_PATH = /opt/intel/oneapi/vtune/2025.1/lib64/libamplxe_samplingmrte_clrprof_1.0.so
54 [127140592864192] INFO perfrun.launcher <> - set environment variable: INTEL_MRTE_PROFILER_MODE = mixed
54 [127140592864192] INFO perfrun.launcher <> - RpcServer: run RPC server to handle requests
54 [127140592864192] INFO perfrun.launcher <> - Launcher: command line to start before modification = ./su3_omelyan_rhmc
55 [127140592864192] INFO perfrun.launcher <> - Launcher: command line to start after modification = /opt/intel/oneapi/vtune/2025.1/bin64/pin -error_file /home/jim/Desktop/milc_qcd_minimal/ks_imp_rhmc_minimal/r001hs/data.0/pinerr.tpsslog -detach_reattach -follow_execv -tool_load_option deepbind -t64 /opt/intel/oneapi/vtune/2025.1/lib64/libtpsstool.so -t /opt/intel/oneapi/vtune/2025.1/lib32/libtpsstool.so -server_name tpss_ipc.22320 -prd_dir /opt/intel/oneapi/vtune/2025.1 -- ./su3_omelyan_rhmc
55 [127140592864192] INFO perfrun.launcher <> - ProcessCreator object was created
55 [127140592864192] INFO perfrun.launcher <> - Launcher: the process was started in suspend mode
56 [127140439779008] WARN perfrun.system <> - Could not do anything with /sys/kernel/debug/kvm: boost::filesystem::status: Permission denied [system:13]: "/sys/kernel/debug/kvm", at file: vcs/perfrun1/plugins/system/src/trace_writer.cpp:787
56 [127140439779008] WARN perfrun.system <> - Folder "/var/run/libvirt/qemu/"doesn't exist, at file: vcs/perfrun1/plugins/system/src/trace_writer.cpp:800
56 [127140439779008] WARN perfrun.sdk <> - Failed to find xl binary on any of the system paths: /bin, /sbin, /usr/bin, /usr/sbin., at file: vcs/perfrun1/sdk/src/utils.cpp:205
56 [127140439779008] WARN perfrun.system <> - Could not start ContainerMapping collector, at file: vcs/perfrun1/plugins/system/src/controller.cpp:450
62 [127140439779008] INFO perfrun.vdso <> - Helper runtool '/opt/intel/oneapi/vtune/2025.1/bin32/amplxe-runss -dump-vdso -r /home/jim/Desktop/milc_qcd_minimal/ks_imp_rhmc_minimal/r001hs --tmp-dir /tmp/amplxe-tmp-jim' returned 1
123 [127140439779008] INFO perfrun.vdso <> - Helper runtool '/opt/intel/oneapi/vtune/2025.1/bin64/amplxe-runss -dump-vdso -r /home/jim/Desktop/milc_qcd_minimal/ks_imp_rhmc_minimal/r001hs --tmp-dir /tmp/amplxe-tmp-jim' returned 0
123 [127140439779008] INFO perfrun.itt <> - start itt controller for pid #22328
123 [127140439779008] INFO perfrun.tpss <> - start tpss controller for pid #22328
174 [127140592864192] INFO perfrun.launcher <> - Launcher: all plugins were started
174 [127140592864192] INFO perfrun.launcher <> - DirectoryMonitor object was created
174 [127140592864192] INFO perfrun.launcher <> - DirectoryMonitor: a callback was added
174 [127140592864192] INFO perfrun.launcher <> - DirectoryMonitor was started with pingTime = 1000
174 [127140592864192] INFO perfrun.launcher <> - DeadlineTimer is going to be constructed
174 [127140592864192] INFO perfrun.launcher <> - DeadlineTimer: a callback was added
177 [127140592864192] INFO perfrun.launcher <> - Launcher: resume the profiled application and  wait its termination or stop command
1974791 [127140592864192] INFO perfrun.launcher <> - Launcher: the profiled application was terminated  with exit code = 0
1974833 [127140439779008] INFO perfrun.itt <> - detach itt controller
1974833 [127140439779008] INFO perfrun.itt <> - detach itt controller done
1974834 [127140439779008] INFO perfrun.tpss <> - stop tpss controller
1974844 [127140439779008] INFO perfrun.sdk <> - De-allocating TMU: /home/jim/Desktop/milc_qcd_minimal/ks_imp_rhmc_minimal/r001hs/data.0/systemcollector-22320-jim-MS-7817.sc
1974844 [127140439779008] INFO perfrun.system <> - closed the system trace file: /home/jim/Desktop/milc_qcd_minimal/ks_imp_rhmc_minimal/r001hs/data.0/systemcollector-22320-jim-MS-7817.sc
1974856 [127140592864192] INFO perfrun.launcher <> - Launcher: all plugins were stopped.
1974856 [127140592864192] INFO perfrun.launcher <> - DeadlineTimer is going to be destroyed
1974858 [127140592864192] INFO perfrun.launcher <> - DeadlineTimer was destroyed
1974858 [127140592864192] INFO perfrun.launcher <> - DirectoryMonitor object was destroyed
1974865 [127140592864192] WARN perfrun.launcher <> - Stop command is ignored because it is received when collection is already stopped, at file: vcs/perfrun1/launcher/src/command_handler.cpp:226
1974873 [127140592864192] INFO perfrun.launcher <> - Application exit code: 0
1974873 [127140592864192] INFO perfrun.launcher <> - Exit code: 0
