1 [125621613255616] INFO perfrun.launcher <> - Launcher main begin
2 [125621613255616] INFO perfrun.launcher <> - MessageCatalogInit finished
2 [125621613255616] INFO perfrun.launcher <> - Launcher instance created
2 [125621613255616] INFO perfrun.launcher <> - argc = 7; cmdline = /opt/intel/oneapi/vtune/2025.1/bin64/amplxe-runss --ui-output-format xml --ui-output-fd 14 --option-file /home/jim/intel/vtune/projects/big_one_v2/r000hs/config/runss.options 
42 [125621613255616] INFO perfrun.perfcollector <> - SEP tool path: /opt/intel/oneapi/vtune/2025.1/bin64/sep
54 [125621613255616] INFO perfrun.launcher <> - create msngr2::ICliToolContext
55 [125621613255616] INFO perfrun.launcher <> - create file finder object
55 [125621613255616] INFO perfrun.launcher <> - create a result directory: pattern = /home/jim/intel/vtune/projects/big_one_v2/r000hs pid = 4294967295
56 [125621613255616] INFO perfrun.sdk <> - checked that the directory /home/jim/intel/vtune/projects/big_one_v2/r000hs is a local directory
56 [125621613255616] INFO perfrun.sdk <> - the directory /home/jim/intel/vtune/projects/big_one_v2/r000hs is a local directory with FS type ID 61267
56 [125621613255616] INFO perfrun.launcher <> - create data directory = /home/jim/intel/vtune/projects/big_one_v2/r000hs/data.0
56 [125621613255616] INFO perfrun.launcher <> - Creating the master collection flag
66 [125621613255616] INFO perfrun.launcher <> - Done creating the master collection flag
66 [125621453711040] INFO perfrun.launcher <> - plugin [remoteplug] was disabled because it doesn't support the given collection type.
67 [125621453711040] INFO perfrun.sdk <> - Allocating TMU :/home/jim/intel/vtune/projects/big_one_v2/r000hs/data.0/systemcollector-5205-jim-MS-7817.sc
67 [125621453711040] INFO perfrun.system <> - Tpss based collection
67 [125621453711040] INFO perfrun.launcher <> - plugin [ptracecollector] was disabled because it doesn't support the given collection type.
67 [125621453711040] INFO perfrun.launcher <> - plugin [gpu] was disabled because it doesn't support the given collection type.
67 [125621453711040] INFO perfrun.launcher <> - plugin [] was disabled because it doesn't support the given collection type.
67 [125621453711040] INFO perfrun.launcher <> - plugin [] was disabled because it doesn't support the given collection type.
67 [125621453711040] INFO perfrun.launcher <> - plugin [] was disabled because it doesn't support the given collection type.
67 [125621453711040] INFO perfrun.mrte <> - system-wide mode is 0
67 [125621453711040] INFO perfrun.mrte <> - Getting  mrte profiling environment ...
112 [125621453711040] INFO perfrun.mrte <> - INTEL_MRTE_DATA_DIR=/home/jim/intel/vtune/projects/big_one_v2/r000hs/data.0
112 [125621453711040] INFO perfrun.mrte <> - INTEL_MRTE_HOST_NAME=jim-MS-7817
112 [125621453711040] INFO perfrun.mrte <> - JAVA_TOOL_OPTIONS=-agentlib:amplxe_samplingmrte_javaprof_1.0 -Dsun.boot.library.path=/opt/intel/oneapi/vtune/2025.1/lib32/runtime:/opt/intel/oneapi/vtune/2025.1/lib64/runtime
112 [125621453711040] INFO perfrun.mrte <> - LD_LIBRARY_PATH=/opt/intel/oneapi/vtune/2025.1/lib32/runtime:/opt/intel/oneapi/vtune/2025.1/lib64/runtime
112 [125621453711040] INFO perfrun.mrte <> - CORECLR_ENABLE_PROFILING=1
112 [125621453711040] INFO perfrun.mrte <> - CORECLR_PROFILER={AA5E4821-E3B1-479c-B7FF-5AD047D22CED}
112 [125621453711040] INFO perfrun.mrte <> - CORECLR_PROFILER_PATH=/opt/intel/oneapi/vtune/2025.1/lib64/libamplxe_samplingmrte_clrprof_1.0.so
112 [125621453711040] INFO perfrun.mrte <> - INTEL_MRTE_PROFILER_MODE=mixed
112 [125621453711040] INFO perfrun.mrte <> - Data directory: /home/jim/intel/vtune/projects/big_one_v2/r000hs/data.0
112 [125621453711040] INFO perfrun.mrte <> - Mrte plugin is initialized
112 [125621453711040] INFO perfrun.launcher <> - plugin [emon] was disabled because it doesn't support the given collection type.
112 [125621453711040] INFO perfrun.launcher <> - plugin [cuscol] was disabled because it doesn't support the given collection type.
112 [125621453711040] INFO perfrun.launcher <> - plugin [stdsrc] was disabled because it doesn't support the given collection type.
112 [125621453711040] INFO perfrun.launcher <> - plugin [sep] was disabled because it doesn't support the given collection type.
112 [125621453711040] INFO perfrun.launcher <> - plugin [vtsspp] was disabled because it doesn't support the given collection type.
112 [125621453711040] INFO perfrun.launcher <> - plugin [perf] was disabled because it doesn't support the given collection type.
112 [125621453711040] INFO perfrun.launcher <> - plugin [aoclprofile] was disabled because it doesn't support the given collection type.
112 [125621453711040] INFO perfrun.tpss <> - initialize tpss controller
112 [125621453711040] INFO perfrun.tpss <> - configure collection mode: value = cpu:counters:nostack
112 [125621453711040] INFO perfrun.tpss <> - configure collection mode: value = cpu:stack
112 [125621453711040] INFO perfrun.tpss <> - default obj-size-min=1024
112 [125621453711040] INFO perfrun.tpss <> - default hash-table-size=0
112 [125621453711040] INFO perfrun.launcher <> - plugin [media] was disabled because it doesn't support the given collection type.
112 [125621453711040] INFO perfrun.launcher <> - plugin [] was disabled because it doesn't support the given collection type.
112 [125621453711040] INFO perfrun.launcher <> - plugin [] was disabled because it doesn't support the given collection type.
112 [125621453711040] INFO perfrun.launcher <> - plugin [parallelfs] was disabled because it doesn't support the given collection type.
112 [125621453711040] INFO perfrun.launcher <> - plugin [power] was disabled because it doesn't support the given collection type.
112 [125621453711040] INFO perfrun.launcher <> - plugin [] was disabled because it doesn't support the given collection type.
112 [125621453711040] INFO perfrun.launcher <> - plugin [] was disabled because it doesn't support the given collection type.
112 [125621453711040] INFO perfrun.launcher <> - plugin [] was disabled because it doesn't support the given collection type.
112 [125621453711040] INFO perfrun.launcher <> - plugin [l0_metrics] was disabled because it doesn't support the given collection type.
112 [125621453711040] INFO perfrun.launcher <> - plugin [stall_reasons] was disabled because it doesn't support the given collection type.
112 [125621613255616] INFO perfrun.launcher <> - set environment variable: LD_LIBRARY_PATH = /opt/intel/oneapi/vtune/2025.1/lib32/runtime:/opt/intel/oneapi/vtune/2025.1/lib64/runtime
112 [125621613255616] INFO perfrun.launcher <> - set environment variable: INTEL_LIBITTNOTIFY32 = /opt/intel/oneapi/vtune/2025.1/lib32/runtime/libittnotify_collector.so
112 [125621613255616] INFO perfrun.launcher <> - set environment variable: INTEL_LIBITTNOTIFY64 = /opt/intel/oneapi/vtune/2025.1/lib64/runtime/libittnotify_collector.so
113 [125621613255616] INFO perfrun.launcher <> - set environment variable: INTEL_ITTNOTIFY_GROUPS = 
113 [125621613255616] INFO perfrun.launcher <> - set environment variable: INTEL_JIT_PROFILER32 = /opt/intel/oneapi/vtune/2025.1/lib32/runtime/libittnotify_collector.so
113 [125621613255616] INFO perfrun.launcher <> - set environment variable: INTEL_JIT_PROFILER64 = /opt/intel/oneapi/vtune/2025.1/lib64/runtime/libittnotify_collector.so
113 [125621613255616] INFO perfrun.launcher <> - set environment variable: CCL_ITT_LEVEL = 1
113 [125621613255616] INFO perfrun.launcher <> - set environment variable: ENABLE_JITPROFILING = 1
113 [125621613255616] INFO perfrun.launcher <> - set environment variable: CL_CONFIG_USE_VTUNE = True
113 [125621613255616] INFO perfrun.launcher <> - set environment variable: KMP_FORKJOIN_FRAMES = 0
113 [125621613255616] INFO perfrun.launcher <> - set environment variable: KMP_FORKJOIN_FRAMES_MODE = 0
113 [125621613255616] INFO perfrun.launcher <> - set environment variable: INTEL_MRTE_DATA_DIR = /home/jim/intel/vtune/projects/big_one_v2/r000hs/data.0
113 [125621613255616] INFO perfrun.launcher <> - set environment variable: INTEL_MRTE_HOST_NAME = jim-MS-7817
113 [125621613255616] INFO perfrun.launcher <> - set environment variable: JAVA_TOOL_OPTIONS = -agentlib:amplxe_samplingmrte_javaprof_1.0 -Dsun.boot.library.path=/opt/intel/oneapi/vtune/2025.1/lib32/runtime:/opt/intel/oneapi/vtune/2025.1/lib64/runtime
113 [125621613255616] INFO perfrun.launcher <> - set environment variable: LD_LIBRARY_PATH = /opt/intel/oneapi/vtune/2025.1/lib32/runtime:/opt/intel/oneapi/vtune/2025.1/lib64/runtime
113 [125621613255616] INFO perfrun.launcher <> - set environment variable: CORECLR_ENABLE_PROFILING = 1
113 [125621613255616] INFO perfrun.launcher <> - set environment variable: CORECLR_PROFILER = {AA5E4821-E3B1-479c-B7FF-5AD047D22CED}
113 [125621613255616] INFO perfrun.launcher <> - set environment variable: CORECLR_PROFILER_PATH = /opt/intel/oneapi/vtune/2025.1/lib64/libamplxe_samplingmrte_clrprof_1.0.so
113 [125621613255616] INFO perfrun.launcher <> - set environment variable: INTEL_MRTE_PROFILER_MODE = mixed
113 [125621613255616] INFO perfrun.launcher <> - RpcServer: run RPC server to handle requests
113 [125621613255616] INFO perfrun.launcher <> - Launcher: command line to start before modification = /home/jim/Desktop/milc_qcd_minimal/ks_imp_rhmc_minimal/su3_omelyan_rhmc
114 [125621613255616] INFO perfrun.launcher <> - Launcher: command line to start after modification = /opt/intel/oneapi/vtune/2025.1/bin64/pin -error_file /home/jim/intel/vtune/projects/big_one_v2/r000hs/data.0/pinerr.tpsslog -detach_reattach -follow_execv -tool_load_option deepbind -t64 /opt/intel/oneapi/vtune/2025.1/lib64/libtpsstool.so -t /opt/intel/oneapi/vtune/2025.1/lib32/libtpsstool.so -server_name tpss_ipc.5205 -prd_dir /opt/intel/oneapi/vtune/2025.1 -- /home/jim/Desktop/milc_qcd_minimal/ks_imp_rhmc_minimal/su3_omelyan_rhmc
114 [125621613255616] INFO perfrun.launcher <> - ProcessCreator object was created
114 [125621613255616] INFO perfrun.launcher <> - Launcher: the process was started in suspend mode
116 [125621453711040] WARN perfrun.system <> - Could not do anything with /sys/kernel/debug/kvm: boost::filesystem::status: Permission denied [system:13]: "/sys/kernel/debug/kvm", at file: vcs/perfrun1/plugins/system/src/trace_writer.cpp:787
116 [125621453711040] WARN perfrun.system <> - Folder "/var/run/libvirt/qemu/"doesn't exist, at file: vcs/perfrun1/plugins/system/src/trace_writer.cpp:800
116 [125621453711040] WARN perfrun.sdk <> - Failed to find xl binary on any of the system paths: /bin, /sbin, /usr/bin, /usr/sbin., at file: vcs/perfrun1/sdk/src/utils.cpp:205
116 [125621453711040] WARN perfrun.system <> - Could not start ContainerMapping collector, at file: vcs/perfrun1/plugins/system/src/controller.cpp:450
126 [125621453711040] INFO perfrun.vdso <> - Helper runtool '/opt/intel/oneapi/vtune/2025.1/bin32/amplxe-runss -dump-vdso -r /home/jim/intel/vtune/projects/big_one_v2/r000hs --tmp-dir /tmp/amplxe-tmp-jim' returned 1
208 [125621453711040] INFO perfrun.vdso <> - Helper runtool '/opt/intel/oneapi/vtune/2025.1/bin64/amplxe-runss -dump-vdso -r /home/jim/intel/vtune/projects/big_one_v2/r000hs --tmp-dir /tmp/amplxe-tmp-jim' returned 0
208 [125621453711040] INFO perfrun.itt <> - start itt controller for pid #5210
208 [125621453711040] INFO perfrun.tpss <> - start tpss controller for pid #5210
259 [125621613255616] INFO perfrun.launcher <> - Launcher: all plugins were started
259 [125621613255616] INFO perfrun.launcher <> - DirectoryMonitor object was created
259 [125621613255616] INFO perfrun.launcher <> - DirectoryMonitor: a callback was added
259 [125621613255616] INFO perfrun.launcher <> - DirectoryMonitor was started with pingTime = 1000
259 [125621613255616] INFO perfrun.launcher <> - DeadlineTimer is going to be constructed
259 [125621613255616] INFO perfrun.launcher <> - DeadlineTimer: a callback was added
268 [125621613255616] INFO perfrun.launcher <> - Launcher: resume the profiled application and  wait its termination or stop command
2068262 [125621613255616] INFO perfrun.launcher <> - Launcher: the profiled application was terminated  with exit code = 0
2068341 [125621453711040] INFO perfrun.itt <> - detach itt controller
2068341 [125621453711040] INFO perfrun.itt <> - detach itt controller done
2068341 [125621453711040] INFO perfrun.tpss <> - stop tpss controller
2068382 [125621453711040] INFO perfrun.sdk <> - De-allocating TMU: /home/jim/intel/vtune/projects/big_one_v2/r000hs/data.0/systemcollector-5205-jim-MS-7817.sc
2068382 [125621453711040] INFO perfrun.system <> - closed the system trace file: /home/jim/intel/vtune/projects/big_one_v2/r000hs/data.0/systemcollector-5205-jim-MS-7817.sc
2068387 [125621613255616] INFO perfrun.launcher <> - Launcher: all plugins were stopped.
2068387 [125621613255616] INFO perfrun.launcher <> - DeadlineTimer is going to be destroyed
2068388 [125621613255616] INFO perfrun.launcher <> - DeadlineTimer was destroyed
2068388 [125621613255616] INFO perfrun.launcher <> - DirectoryMonitor object was destroyed
2068390 [125621613255616] WARN perfrun.launcher <> - Stop command is ignored because it is received when collection is already stopped, at file: vcs/perfrun1/launcher/src/command_handler.cpp:226
2068473 [125621613255616] INFO perfrun.launcher <> - Application exit code: 0
2068473 [125621613255616] INFO perfrun.launcher <> - Exit code: 0
